TienDoController::index - MaPhanXuong=PX01 - fetched=6
TienDoController::index - rows: [{"MaDayChuyen":"DC01","TenDayChuyen":"Dây chuyền Cắt 1","MaPhanXuong":"PX01"},{"MaDayChuyen":"DC05","TenDayChuyen":"Dây chuyền Hoàn thiện","MaPhanXuong":"PX01"},{"MaDayChuyen":"DC06","TenDayChuyen":"Dây chuyền Kiểm tra","MaPhanXuong":"PX01"},{"MaDayChuyen":"DC02","TenDayChuyen":"Dây chuyền May 1","MaPhanXuong":"PX01"},{"MaDayChuyen":"DC04","TenDayChuyen":"Dây chuyền Ráp đế 1","MaPhanXuong":"PX01"},{"MaDayChuyen":"DC03","TenDayChuyen":"Dây chuyền Đóng gói 1","MaPhanXuong":"PX01"}]
TienDoController::index - MaPhanXuong=PX01 - fetched=6
TienDoController::index - rows: [{"MaDayChuyen":"DC01","TenDayChuyen":"Dây chuyền Cắt ","MaPhanXuong":"PX01"},{"MaDayChuyen":"DC05","TenDayChuyen":"Dây chuyền Hoàn thiện","MaPhanXuong":"PX01"},{"MaDayChuyen":"DC06","TenDayChuyen":"Dây chuyền Kiểm tra","MaPhanXuong":"PX01"},{"MaDayChuyen":"DC02","TenDayChuyen":"Dây chuyền May ","MaPhanXuong":"PX01"},{"MaDayChuyen":"DC04","TenDayChuyen":"Dây chuyền Ráp đế ","MaPhanXuong":"PX01"},{"MaDayChuyen":"DC03","TenDayChuyen":"Dây chuyền Đóng gói ","MaPhanXuong":"PX01"}]
TienDoController::show - maNV=NXT001 maPXUser=PX01 line.MaPhanXuong=NULL maDayChuyen=DC01
TienDoController::show - lineInfo: {"MaDayChuyen":"DC01","TenDayChuyen":"Dây chuyền Cắt ","MaToTruong":"NTT001","HoTenToTruong":"Trương Huỳnh Kim Yến"}
TienDoController::show - maNV=NXT001 maPXUser=PX01 line.MaPhanXuong=NULL maDayChuyen=DC01
TienDoController::show - lineInfo: {"MaDayChuyen":"DC01","TenDayChuyen":"Dây chuyền Cắt ","MaToTruong":"NTT001","HoTenToTruong":"Trương Huỳnh Kim Yến"}
TienDoController::show - maNV=NXT001 maPXUser=PX01 line.MaPhanXuong=NULL maDayChuyen=DC01
TienDoController::show - lineInfo: {"MaDayChuyen":"DC01","TenDayChuyen":"Dây chuyền Cắt ","MaToTruong":"NTT001","HoTenToTruong":"Trương Huỳnh Kim Yến"}
TienDoController::show - maNV=NXT001 maPXUser=PX01 line.MaPhanXuong=NULL maDayChuyen=DC01
TienDoController::show - lineInfo: {"MaDayChuyen":"DC01","TenDayChuyen":"Dây chuyền Cắt ","MaToTruong":"NTT001","HoTenToTruong":"Trương Huỳnh Kim Yến"}
TienDoController::show - maNV=NXT001 maPXUser=PX01 line.MaPhanXuong=NULL maDayChuyen=DC01
TienDoController::show - lineInfo: {"MaDayChuyen":"DC01","TenDayChuyen":"Dây chuyền Cắt ","MaToTruong":"NTT001","HoTenToTruong":"Trương Huỳnh Kim Yến"}
TienDoController::show - maNV=NXT001 maPXUser=PX01 line.MaPhanXuong=PX01 maDayChuyen=DC01
TienDoController::show - lineInfo: {"MaDayChuyen":"DC01","TenDayChuyen":"Dây chuyền Cắt ","MaPhanXuong":"PX01","TrangThai":"Đang hoạt động","SoLuongCongNhan":"40","MaToTruong":"NTT001"}
TienDoController::show - maNV=NXT001 maPXUser=PX01 line.MaPhanXuong=PX01 maDayChuyen=DC02
TienDoController::show - lineInfo: {"MaDayChuyen":"DC02","TenDayChuyen":"Dây chuyền May ","MaPhanXuong":"PX01","TrangThai":"Đang hoạt động","SoLuongCongNhan":"40","MaToTruong":"NTT002"}
TienDoController::index - MaPhanXuong=PX01 - fetched=6
TienDoController::index - rows: [{"MaDayChuyen":"DC01","TenDayChuyen":"Dây chuyền Cắt ","MaPhanXuong":"PX01"},{"MaDayChuyen":"DC05","TenDayChuyen":"Dây chuyền Hoàn thiện","MaPhanXuong":"PX01"},{"MaDayChuyen":"DC06","TenDayChuyen":"Dây chuyền Kiểm tra","MaPhanXuong":"PX01"},{"MaDayChuyen":"DC02","TenDayChuyen":"Dây chuyền May ","MaPhanXuong":"PX01"},{"MaDayChuyen":"DC04","TenDayChuyen":"Dây chuyền Ráp đế ","MaPhanXuong":"PX01"},{"MaDayChuyen":"DC03","TenDayChuyen":"Dây chuyền Đóng gói ","MaPhanXuong":"PX01"}]
TienDoController::show - maNV=NXT001 maPXUser=PX01 line.MaPhanXuong=PX01 maDayChuyen=DC04
TienDoController::show - lineInfo: {"MaDayChuyen":"DC04","TenDayChuyen":"Dây chuyền Ráp đế ","MaPhanXuong":"PX01","TrangThai":"Đang hoạt động","SoLuongCongNhan":"40","MaToTruong":"NTT001"}
TienDoController::show - maNV=NXT001 maPXUser=PX01 line.MaPhanXuong=PX01 maDayChuyen=DC04
TienDoController::show - lineInfo: {"MaDayChuyen":"DC04","TenDayChuyen":"Dây chuyền Ráp đế ","MaPhanXuong":"PX01","TrangThai":"Đang hoạt động","SoLuongCongNhan":"40","MaToTruong":"NTT001"}
TienDoController::show - maNV=NXT001 maPXUser=PX01 line.MaPhanXuong=PX01 maDayChuyen=DC04
TienDoController::show - lineInfo: {"MaDayChuyen":"DC04","TenDayChuyen":"Dây chuyền Ráp đế ","MaPhanXuong":"PX01","TrangThai":"Đang hoạt động","SoLuongCongNhan":"40","MaToTruong":"NTT001"}
TienDoController::index - MaPhanXuong=PX01 - fetched=6
TienDoController::index - rows: [{"MaDayChuyen":"DC01","TenDayChuyen":"Dây chuyền Cắt ","MaPhanXuong":"PX01"},{"MaDayChuyen":"DC05","TenDayChuyen":"Dây chuyền Hoàn thiện","MaPhanXuong":"PX01"},{"MaDayChuyen":"DC06","TenDayChuyen":"Dây chuyền Kiểm tra","MaPhanXuong":"PX01"},{"MaDayChuyen":"DC02","TenDayChuyen":"Dây chuyền May ","MaPhanXuong":"PX01"},{"MaDayChuyen":"DC04","TenDayChuyen":"Dây chuyền Ráp đế ","MaPhanXuong":"PX01"},{"MaDayChuyen":"DC03","TenDayChuyen":"Dây chuyền Đóng gói ","MaPhanXuong":"PX01"}]
TienDoController::show - maNV=NXT001 maPXUser=PX01 line.MaPhanXuong=PX01 maDayChuyen=DC03
TienDoController::show - lineInfo: {"MaDayChuyen":"DC03","TenDayChuyen":"Dây chuyền Đóng gói ","MaPhanXuong":"PX01","TrangThai":"Đang hoạt động","SoLuongCongNhan":"40","MaToTruong":"NTT003"}
TienDoController::show - maNV=NXT001 maPXUser=PX01 line.MaPhanXuong=PX01 maDayChuyen=DC03
TienDoController::show - lineInfo: {"MaDayChuyen":"DC03","TenDayChuyen":"Dây chuyền Đóng gói ","MaPhanXuong":"PX01","TrangThai":"Đang hoạt động","SoLuongCongNhan":"40","MaToTruong":"NTT003"}
TienDoController::index - MaPhanXuong=PX01 - fetched=6
TienDoController::index - rows: [{"MaDayChuyen":"DC01","TenDayChuyen":"Dây chuyền Cắt ","MaPhanXuong":"PX01"},{"MaDayChuyen":"DC05","TenDayChuyen":"Dây chuyền Hoàn thiện","MaPhanXuong":"PX01"},{"MaDayChuyen":"DC06","TenDayChuyen":"Dây chuyền Kiểm tra","MaPhanXuong":"PX01"},{"MaDayChuyen":"DC02","TenDayChuyen":"Dây chuyền May ","MaPhanXuong":"PX01"},{"MaDayChuyen":"DC04","TenDayChuyen":"Dây chuyền Ráp đế ","MaPhanXuong":"PX01"},{"MaDayChuyen":"DC03","TenDayChuyen":"Dây chuyền Đóng gói ","MaPhanXuong":"PX01"}]
TienDoController::show - maNV=NXT001 maPXUser=PX01 line.MaPhanXuong=PX01 maDayChuyen=DC03
TienDoController::show - lineInfo: {"MaDayChuyen":"DC03","TenDayChuyen":"Dây chuyền Đóng gói ","MaPhanXuong":"PX01","TrangThai":"Đang hoạt động","SoLuongCongNhan":"40","MaToTruong":"NTT003"}
TienDoController::index - MaPhanXuong=PX01 - fetched=6
TienDoController::index - rows: [{"MaDayChuyen":"DC01","TenDayChuyen":"Dây chuyền Cắt ","MaPhanXuong":"PX01"},{"MaDayChuyen":"DC05","TenDayChuyen":"Dây chuyền Hoàn thiện","MaPhanXuong":"PX01"},{"MaDayChuyen":"DC06","TenDayChuyen":"Dây chuyền Kiểm tra","MaPhanXuong":"PX01"},{"MaDayChuyen":"DC02","TenDayChuyen":"Dây chuyền May ","MaPhanXuong":"PX01"},{"MaDayChuyen":"DC04","TenDayChuyen":"Dây chuyền Ráp đế ","MaPhanXuong":"PX01"},{"MaDayChuyen":"DC03","TenDayChuyen":"Dây chuyền Đóng gói ","MaPhanXuong":"PX01"}]
TienDoController::show - maNV=NXT001 maPXUser=PX01 line.MaPhanXuong=PX01 maDayChuyen=DC01
TienDoController::show - lineInfo: {"MaDayChuyen":"DC01","TenDayChuyen":"Dây chuyền Cắt ","MaPhanXuong":"PX01","TrangThai":"Đang hoạt động","SoLuongCongNhan":"40","MaToTruong":"NTT001"}
TienDoController::index - MaPhanXuong=PX01 - fetched=6
TienDoController::index - rows: [{"MaDayChuyen":"DC01","TenDayChuyen":"Dây chuyền Cắt ","MaPhanXuong":"PX01"},{"MaDayChuyen":"DC05","TenDayChuyen":"Dây chuyền Hoàn thiện","MaPhanXuong":"PX01"},{"MaDayChuyen":"DC06","TenDayChuyen":"Dây chuyền Kiểm tra","MaPhanXuong":"PX01"},{"MaDayChuyen":"DC02","TenDayChuyen":"Dây chuyền May ","MaPhanXuong":"PX01"},{"MaDayChuyen":"DC04","TenDayChuyen":"Dây chuyền Ráp đế ","MaPhanXuong":"PX01"},{"MaDayChuyen":"DC03","TenDayChuyen":"Dây chuyền Đóng gói ","MaPhanXuong":"PX01"}]
TienDoController::show - maNV=NXT001 maPXUser=PX01 line.MaPhanXuong=PX01 maDayChuyen=DC01
TienDoController::show - lineInfo: {"MaDayChuyen":"DC01","TenDayChuyen":"Dây chuyền Cắt ","MaPhanXuong":"PX01","TrangThai":"Đang hoạt động","SoLuongCongNhan":"40","MaToTruong":"NTT001"}
TienDoController::index - MaPhanXuong=PX01 - fetched=6
TienDoController::index - rows: [{"MaDayChuyen":"DC01","TenDayChuyen":"Dây chuyền Cắt ","MaPhanXuong":"PX01"},{"MaDayChuyen":"DC05","TenDayChuyen":"Dây chuyền Hoàn thiện","MaPhanXuong":"PX01"},{"MaDayChuyen":"DC06","TenDayChuyen":"Dây chuyền Kiểm tra","MaPhanXuong":"PX01"},{"MaDayChuyen":"DC02","TenDayChuyen":"Dây chuyền May ","MaPhanXuong":"PX01"},{"MaDayChuyen":"DC04","TenDayChuyen":"Dây chuyền Ráp đế ","MaPhanXuong":"PX01"},{"MaDayChuyen":"DC03","TenDayChuyen":"Dây chuyền Đóng gói ","MaPhanXuong":"PX01"}]
TienDoController::show - maNV=NXT001 maPXUser=PX01 line.MaPhanXuong=PX01 maDayChuyen=DC01
TienDoController::show - lineInfo: {"MaDayChuyen":"DC01","TenDayChuyen":"Dây chuyền Cắt ","MaPhanXuong":"PX01","TrangThai":"Đang hoạt động","SoLuongCongNhan":"40","MaToTruong":"NTT001"}
TienDoController::index - MaPhanXuong=PX01 - fetched=6
TienDoController::index - rows: [{"MaDayChuyen":"DC01","TenDayChuyen":"Dây chuyền Cắt ","MaPhanXuong":"PX01"},{"MaDayChuyen":"DC05","TenDayChuyen":"Dây chuyền Hoàn thiện","MaPhanXuong":"PX01"},{"MaDayChuyen":"DC06","TenDayChuyen":"Dây chuyền Kiểm tra","MaPhanXuong":"PX01"},{"MaDayChuyen":"DC02","TenDayChuyen":"Dây chuyền May ","MaPhanXuong":"PX01"},{"MaDayChuyen":"DC04","TenDayChuyen":"Dây chuyền Ráp đế ","MaPhanXuong":"PX01"},{"MaDayChuyen":"DC03","TenDayChuyen":"Dây chuyền Đóng gói ","MaPhanXuong":"PX01"}]
TienDoController::show - maNV=NXT001 maPXUser=PX01 line.MaPhanXuong=PX01 maDayChuyen=DC02
TienDoController::show - lineInfo: {"MaDayChuyen":"DC02","TenDayChuyen":"Dây chuyền May ","MaPhanXuong":"PX01","TrangThai":"Đang hoạt động","SoLuongCongNhan":"40","MaToTruong":"NTT002"}
